<?xml version="1.0" encoding="UTF-8"?>
<!-- Generated by org.testng.reporters.JUnitXMLReporter -->
<testsuite ignored="1" hostname="EVT01213NB" failures="0" tests="7" name="Default test" time="5.579" errors="0" timestamp="2020-04-07T23:44:41 EET">
  <testcase classname="test.Day3" name="APILogin" time="0.007"/>
  <testcase classname="test.Day3" name="CallData" time="0.001"/>
  <testcase classname="test.Day3" name="CallData" time="0.003"/>
  <testcase classname="test.Day3" name="CallData" time="0.002"/>
  <testcase classname="test.Day3" name="MobileLogin" time="0.005"/>
  <testcase classname="test.Day3" name="WebLogin" time="0.002"/>
  <testcase classname="test.SeleniumBase" name="Login" time="5.465"/>
  <testcase classname="test.Day3" name="ABC" time="0.0">
    <ignored/>
  </testcase> <!-- ABC -->
</testsuite> <!-- Default test -->
