<?xml version="1.0" encoding="UTF-8"?>
<!-- Generated by org.testng.reporters.JUnitXMLReporter -->
<testsuite ignored="1" hostname="EVT01213NB" failures="0" tests="4" name="DemoTest1" time="0.056" errors="0" timestamp="2020-04-05T20:45:37 EET">
  <testcase classname="test.Day1" name="Demo" time="0.008"/>
  <testcase classname="test.Day2" name="Demo" time="0.002"/>
  <testcase classname="test.Day2" name="Demo2" time="0.002"/>
  <testcase classname="test.Day2" name="Demo3" time="0.002"/>
  <testcase classname="test.Day1" name="Bye" time="0.0">
    <ignored/>
  </testcase> <!-- Bye -->
</testsuite> <!-- DemoTest1 -->
