<?xml version="1.0" encoding="UTF-8"?>
<!-- Generated by org.testng.reporters.JUnitXMLReporter -->
<testsuite ignored="0" hostname="EVT01213NB" failures="0" tests="6" name="DemoTest" time="0.11" errors="0" timestamp="2020-04-05T14:05:08 EET">
  <testcase classname="test.Day1" name="Bye" time="0.011"/>
  <testcase classname="test.Day1" name="Demo" time="0.001"/>
  <testcase classname="test.Day2" name="Demo" time="0.002"/>
  <testcase classname="test.Day3" name="APILogin" time="0.003"/>
  <testcase classname="test.Day3" name="MobileLogin" time="0.002"/>
  <testcase classname="test.Day3" name="WebLogin" time="0.006"/>
</testsuite> <!-- DemoTest -->
