<?xml version="1.0" encoding="UTF-8"?>
<!-- Generated by org.testng.reporters.JUnitXMLReporter -->
<testsuite ignored="2" hostname="EVT01213NB" failures="0" tests="8" name="DemoTest2" time="0.057" errors="0" timestamp="2020-04-05T20:45:38 EET">
  <testcase classname="test.Day3" name="CallData" time="0.001"/>
  <testcase classname="test.Day3" name="CallData" time="0.002"/>
  <testcase classname="test.Day3" name="CallData" time="0.002"/>
  <testcase classname="test.Day3" name="MobileLogin" time="0.007"/>
  <testcase classname="test.Day3" name="WebLogin" time="0.001"/>
  <testcase classname="test.Day4" name="WebLogin" time="0.002"/>
  <testcase classname="test.Day4" name="MobileLogin" time="0.001"/>
  <testcase classname="test.Day4" name="APILogin" time="0.001"/>
  <testcase classname="test.Day3" name="ABC" time="0.0">
    <ignored/>
  </testcase> <!-- ABC -->
  <testcase classname="test.Day3" name="APILogin" time="0.0">
    <ignored/>
  </testcase> <!-- APILogin -->
</testsuite> <!-- DemoTest2 -->
