<?xml version="1.0" encoding="UTF-8"?>
<!-- Generated by org.testng.reporters.JUnitXMLReporter -->
<testsuite ignored="11" hostname="EVT01213NB" failures="0" tests="2" name="DemoTest1" time="0.08" errors="0" timestamp="2020-04-05T20:51:26 EET">
  <testcase classname="test.Day2" name="Demo2" time="0.014"/>
  <testcase classname="test.Day4" name="WebLogin" time="0.003"/>
  <testcase classname="test.Day1" name="Bye" time="0.0">
    <ignored/>
  </testcase> <!-- Bye -->
  <testcase classname="test.Day2" name="Demo" time="0.0">
    <ignored/>
  </testcase> <!-- Demo -->
  <testcase classname="test.Day3" name="ABC" time="0.0">
    <ignored/>
  </testcase> <!-- ABC -->
  <testcase classname="test.Day1" name="Demo" time="0.0">
    <ignored/>
  </testcase> <!-- Demo -->
  <testcase classname="test.Day3" name="CallData" time="0.0">
    <ignored/>
  </testcase> <!-- CallData -->
  <testcase classname="test.Day3" name="MobileLogin" time="0.0">
    <ignored/>
  </testcase> <!-- MobileLogin -->
  <testcase classname="test.Day4" name="MobileLogin" time="0.0">
    <ignored/>
  </testcase> <!-- MobileLogin -->
  <testcase classname="test.Day2" name="Demo3" time="0.0">
    <ignored/>
  </testcase> <!-- Demo3 -->
  <testcase classname="test.Day3" name="APILogin" time="0.0">
    <ignored/>
  </testcase> <!-- APILogin -->
  <testcase classname="test.Day3" name="WebLogin" time="0.0">
    <ignored/>
  </testcase> <!-- WebLogin -->
  <testcase classname="test.Day4" name="APILogin" time="0.0">
    <ignored/>
  </testcase> <!-- APILogin -->
</testsuite> <!-- DemoTest1 -->
