<?xml version="1.0" encoding="UTF-8"?>
<testng-results ignored="1" total="8" passed="7" failed="0" skipped="0">
  <reporter-output>
  </reporter-output>
  <suite started-at="2020-04-07T23:44:35 EET" name="Default suite" finished-at="2020-04-07T23:44:40 EET" duration-ms="5579">
    <groups>
    </groups>
    <test started-at="2020-04-07T23:44:35 EET" name="Default test" finished-at="2020-04-07T23:44:40 EET" duration-ms="5579">
      <class name="test.Day3">
        <test-method is-config="true" signature="BeforeSuite()[pri:0, instance:test.Day3@482bce4f]" started-at="2020-04-07T23:44:15 EET" name="BeforeSuite" finished-at="2020-04-07T23:44:35 EET" duration-ms="19879" status="PASS">
          <reporter-output>
          </reporter-output>
        </test-method> <!-- BeforeSuite -->
        <test-method is-config="true" signature="BeforeClass()[pri:0, instance:test.Day3@482bce4f]" started-at="2020-04-07T23:44:35 EET" name="BeforeClass" finished-at="2020-04-07T23:44:35 EET" duration-ms="0" status="PASS">
          <reporter-output>
          </reporter-output>
        </test-method> <!-- BeforeClass -->
        <test-method is-config="true" signature="BeforeMethod()[pri:0, instance:test.Day3@482bce4f]" started-at="2020-04-07T23:44:35 EET" name="BeforeMethod" finished-at="2020-04-07T23:44:35 EET" duration-ms="0" status="PASS">
          <reporter-output>
          </reporter-output>
        </test-method> <!-- BeforeMethod -->
        <test-method signature="APILogin()[pri:0, instance:test.Day3@482bce4f]" started-at="2020-04-07T23:44:35 EET" name="APILogin" finished-at="2020-04-07T23:44:35 EET" duration-ms="7" status="PASS">
          <reporter-output>
          </reporter-output>
        </test-method> <!-- APILogin -->
        <test-method is-config="true" signature="AfterMethod()[pri:0, instance:test.Day3@482bce4f]" started-at="2020-04-07T23:44:35 EET" name="AfterMethod" finished-at="2020-04-07T23:44:35 EET" duration-ms="1" status="PASS">
          <reporter-output>
          </reporter-output>
        </test-method> <!-- AfterMethod -->
        <test-method is-config="true" signature="BeforeMethod()[pri:0, instance:test.Day3@482bce4f]" started-at="2020-04-07T23:44:35 EET" name="BeforeMethod" finished-at="2020-04-07T23:44:35 EET" duration-ms="0" status="PASS">
          <reporter-output>
          </reporter-output>
        </test-method> <!-- BeforeMethod -->
        <test-method signature="CallData(java.lang.String, java.lang.String)[pri:0, instance:test.Day3@482bce4f]" started-at="2020-04-07T23:44:35 EET" name="CallData" data-provider="getdata" finished-at="2020-04-07T23:44:35 EET" duration-ms="1" status="PASS">
          <params>
            <param index="0">
              <value>
                <![CDATA[firstusername]]>
              </value>
            </param>
            <param index="1">
              <value>
                <![CDATA[fistpassword]]>
              </value>
            </param>
          </params>
          <reporter-output>
          </reporter-output>
        </test-method> <!-- CallData -->
        <test-method is-config="true" signature="AfterMethod()[pri:0, instance:test.Day3@482bce4f]" started-at="2020-04-07T23:44:35 EET" name="AfterMethod" finished-at="2020-04-07T23:44:35 EET" duration-ms="2" status="PASS">
          <reporter-output>
          </reporter-output>
        </test-method> <!-- AfterMethod -->
        <test-method is-config="true" signature="BeforeMethod()[pri:0, instance:test.Day3@482bce4f]" started-at="2020-04-07T23:44:35 EET" name="BeforeMethod" finished-at="2020-04-07T23:44:35 EET" duration-ms="0" status="PASS">
          <reporter-output>
          </reporter-output>
        </test-method> <!-- BeforeMethod -->
        <test-method signature="CallData(java.lang.String, java.lang.String)[pri:0, instance:test.Day3@482bce4f]" started-at="2020-04-07T23:44:35 EET" name="CallData" data-provider="getdata" finished-at="2020-04-07T23:44:35 EET" duration-ms="3" status="PASS">
          <params>
            <param index="0">
              <value>
                <![CDATA[secondusername]]>
              </value>
            </param>
            <param index="1">
              <value>
                <![CDATA[secondpassword]]>
              </value>
            </param>
          </params>
          <reporter-output>
          </reporter-output>
        </test-method> <!-- CallData -->
        <test-method is-config="true" signature="BeforeMethod()[pri:0, instance:test.Day3@482bce4f]" started-at="2020-04-07T23:44:35 EET" name="BeforeMethod" finished-at="2020-04-07T23:44:35 EET" duration-ms="1" status="PASS">
          <reporter-output>
          </reporter-output>
        </test-method> <!-- BeforeMethod -->
        <test-method is-config="true" signature="AfterMethod()[pri:0, instance:test.Day3@482bce4f]" started-at="2020-04-07T23:44:35 EET" name="AfterMethod" finished-at="2020-04-07T23:44:35 EET" duration-ms="0" status="PASS">
          <reporter-output>
          </reporter-output>
        </test-method> <!-- AfterMethod -->
        <test-method signature="CallData(java.lang.String, java.lang.String)[pri:0, instance:test.Day3@482bce4f]" started-at="2020-04-07T23:44:35 EET" name="CallData" data-provider="getdata" finished-at="2020-04-07T23:44:35 EET" duration-ms="2" status="PASS">
          <params>
            <param index="0">
              <value>
                <![CDATA[thirdusername]]>
              </value>
            </param>
            <param index="1">
              <value>
                <![CDATA[thirdpassword]]>
              </value>
            </param>
          </params>
          <reporter-output>
          </reporter-output>
        </test-method> <!-- CallData -->
        <test-method is-config="true" signature="AfterMethod()[pri:0, instance:test.Day3@482bce4f]" started-at="2020-04-07T23:44:35 EET" name="AfterMethod" finished-at="2020-04-07T23:44:35 EET" duration-ms="0" status="PASS">
          <reporter-output>
          </reporter-output>
        </test-method> <!-- AfterMethod -->
        <test-method is-config="true" signature="BeforeMethod()[pri:0, instance:test.Day3@482bce4f]" started-at="2020-04-07T23:44:35 EET" name="BeforeMethod" finished-at="2020-04-07T23:44:35 EET" duration-ms="1" status="PASS">
          <reporter-output>
          </reporter-output>
        </test-method> <!-- BeforeMethod -->
        <test-method signature="MobileLogin()[pri:0, instance:test.Day3@482bce4f]" started-at="2020-04-07T23:44:35 EET" name="MobileLogin" finished-at="2020-04-07T23:44:35 EET" duration-ms="5" status="PASS">
          <reporter-output>
          </reporter-output>
        </test-method> <!-- MobileLogin -->
        <test-method is-config="true" signature="AfterMethod()[pri:0, instance:test.Day3@482bce4f]" started-at="2020-04-07T23:44:35 EET" name="AfterMethod" finished-at="2020-04-07T23:44:35 EET" duration-ms="0" status="PASS">
          <reporter-output>
          </reporter-output>
        </test-method> <!-- AfterMethod -->
        <test-method signature="WebLogin()[pri:0, instance:test.Day3@482bce4f]" started-at="2020-04-07T23:44:35 EET" name="WebLogin" finished-at="2020-04-07T23:44:35 EET" duration-ms="2" status="PASS">
          <reporter-output>
          </reporter-output>
        </test-method> <!-- WebLogin -->
        <test-method is-config="true" signature="BeforeMethod()[pri:0, instance:test.Day3@482bce4f]" started-at="2020-04-07T23:44:35 EET" name="BeforeMethod" finished-at="2020-04-07T23:44:35 EET" duration-ms="0" status="PASS">
          <reporter-output>
          </reporter-output>
        </test-method> <!-- BeforeMethod -->
        <test-method is-config="true" signature="AfterMethod()[pri:0, instance:test.Day3@482bce4f]" started-at="2020-04-07T23:44:35 EET" name="AfterMethod" finished-at="2020-04-07T23:44:35 EET" duration-ms="0" status="PASS">
          <reporter-output>
          </reporter-output>
        </test-method> <!-- AfterMethod -->
        <test-method is-config="true" signature="BeforeMethod()[pri:0, instance:test.Day3@482bce4f]" started-at="2020-04-07T23:44:35 EET" name="BeforeMethod" finished-at="2020-04-07T23:44:35 EET" duration-ms="0" status="PASS">
          <reporter-output>
          </reporter-output>
        </test-method> <!-- BeforeMethod -->
        <test-method signature="Login()[pri:0, instance:test.Day3@482bce4f]" started-at="2020-04-07T23:44:35 EET" name="Login" finished-at="2020-04-07T23:44:40 EET" duration-ms="5465" status="PASS">
          <reporter-output>
          </reporter-output>
        </test-method> <!-- Login -->
        <test-method is-config="true" signature="AfterMethod()[pri:0, instance:test.Day3@482bce4f]" started-at="2020-04-07T23:44:40 EET" name="AfterMethod" finished-at="2020-04-07T23:44:40 EET" duration-ms="0" status="PASS">
          <reporter-output>
          </reporter-output>
        </test-method> <!-- AfterMethod -->
        <test-method is-config="true" signature="AfterClass()[pri:0, instance:test.Day3@482bce4f]" started-at="2020-04-07T23:44:40 EET" name="AfterClass" finished-at="2020-04-07T23:44:40 EET" duration-ms="1" status="PASS">
          <reporter-output>
          </reporter-output>
        </test-method> <!-- AfterClass -->
        <test-method is-config="true" signature="AfterSuite()[pri:0, instance:test.Day3@482bce4f]" started-at="2020-04-07T23:44:41 EET" name="AfterSuite" finished-at="2020-04-07T23:44:41 EET" duration-ms="0" status="PASS">
          <reporter-output>
          </reporter-output>
        </test-method> <!-- AfterSuite -->
      </class> <!-- test.Day3 -->
    </test> <!-- Default test -->
  </suite> <!-- Default suite -->
</testng-results>
